# JRE version: Java(TM) SE Runtime Environment (8.0_31-b13) (build 1.8.0_31-b13)
# Java VM: Java HotSpot(TM) 64-Bit Server VM (25.31-b07 mixed mode windows-amd64 compressed oops)
Heap:
 PSYoungGen      total 274944K, used 63333K [0x00000000eab00000, 0x00000000fdb00000, 0x0000000100000000)
  eden space 252416K, 16% used [0x00000000eab00000,0x00000000ed2dd3e0,0x00000000fa180000)
  from space 22528K, 99% used [0x00000000fbd00000,0x00000000fd2fc088,0x00000000fd300000)
  to   space 28160K, 0% used [0x00000000fa180000,0x00000000fa180000,0x00000000fbd00000)
 ParOldGen       total 185344K, used 32846K [0x00000000c0000000, 0x00000000cb500000, 0x00000000eab00000)
  object space 185344K, 17% used [0x00000000c0000000,0x00000000c20138f8,0x00000000cb500000)
 Metaspace       used 51316K, capacity 52890K, committed 53160K, reserved 1095680K
  class space    used 7065K, capacity 7748K, committed 7848K, reserved 1048576K
GC Heap History (10 events):
Event: 2.974 GC heap before
{Heap before GC invocations=6 (full 1):
 PSYoungGen      total 141824K, used 131072K [0x00000000eab00000, 0x00000000f4000000, 0x0000000100000000)
  eden space 131072K, 100% used [0x00000000eab00000,0x00000000f2b00000,0x00000000f2b00000)
  from space 10752K, 0% used [0x00000000f3580000,0x00000000f3580000,0x00000000f4000000)
  to   space 10752K, 0% used [0x00000000f2b00000,0x00000000f2b00000,0x00000000f3580000)
 ParOldGen       total 108032K, used 7640K [0x00000000c0000000, 0x00000000c6980000, 0x00000000eab00000)
  object space 108032K, 7% used [0x00000000c0000000,0x00000000c07763c8,0x00000000c6980000)
 Metaspace       used 30286K, capacity 31064K, committed 31488K, reserved 1077248K
  class space    used 3993K, capacity 4255K, committed 4352K, reserved 1048576K
Event: 2.981 GC heap after
Heap after GC invocations=6 (full 1):
 PSYoungGen      total 141824K, used 10741K [0x00000000eab00000, 0x00000000f8500000, 0x0000000100000000)
  eden space 131072K, 0% used [0x00000000eab00000,0x00000000eab00000,0x00000000f2b00000)
  from space 10752K, 99% used [0x00000000f2b00000,0x00000000f357d580,0x00000000f3580000)
  to   space 15360K, 0% used [0x00000000f7600000,0x00000000f7600000,0x00000000f8500000)
 ParOldGen       total 108032K, used 10143K [0x00000000c0000000, 0x00000000c6980000, 0x00000000eab00000)
  object space 108032K, 9% used [0x00000000c0000000,0x00000000c09e7fb8,0x00000000c6980000)
 Metaspace       used 30286K, capacity 31064K, committed 31488K, reserved 1077248K
  class space    used 3993K, capacity 4255K, committed 4352K, reserved 1048576K
}
Event: 3.458 GC heap before
{Heap before GC invocations=7 (full 1):
 PSYoungGen      total 141824K, used 80515K [0x00000000eab00000, 0x00000000f8500000, 0x0000000100000000)
  eden space 131072K, 53% used [0x00000000eab00000,0x00000000eef23a40,0x00000000f2b00000)
  from space 10752K, 99% used [0x00000000f2b00000,0x00000000f357d580,0x00000000f3580000)
  to   space 15360K, 0% used [0x00000000f7600000,0x00000000f7600000,0x00000000f8500000)
 ParOldGen       total 108032K, used 10143K [0x00000000c0000000, 0x00000000c6980000, 0x00000000eab00000)
  object space 108032K, 9% used [0x00000000c0000000,0x00000000c09e7fb8,0x00000000c6980000)
 Metaspace       used 34480K, capacity 35384K, committed 35496K, reserved 1079296K
  class space    used 4670K, capacity 5012K, committed 5032K, reserved 1048576K
Event: 3.465 GC heap after
Heap after GC invocations=7 (full 1):
 PSYoungGen      total 205824K, used 15146K [0x00000000eab00000, 0x00000000f8a00000, 0x0000000100000000)
  eden space 190464K, 0% used [0x00000000eab00000,0x00000000eab00000,0x00000000f6500000)
  from space 15360K, 98% used [0x00000000f7600000,0x00000000f84caa80,0x00000000f8500000)
  to   space 17408K, 0% used [0x00000000f6500000,0x00000000f6500000,0x00000000f7600000)
 ParOldGen       total 108032K, used 10151K [0x00000000c0000000, 0x00000000c6980000, 0x00000000eab00000)
  object space 108032K, 9% used [0x00000000c0000000,0x00000000c09e9fb8,0x00000000c6980000)
 Metaspace       used 34480K, capacity 35384K, committed 35496K, reserved 1079296K
  class space    used 4670K, capacity 5012K, committed 5032K, reserved 1048576K
}
Event: 3.465 GC heap before
{Heap before GC invocations=8 (full 2):
 PSYoungGen      total 205824K, used 15146K [0x00000000eab00000, 0x00000000f8a00000, 0x0000000100000000)
  eden space 190464K, 0% used [0x00000000eab00000,0x00000000eab00000,0x00000000f6500000)
  from space 15360K, 98% used [0x00000000f7600000,0x00000000f84caa80,0x00000000f8500000)
  to   space 17408K, 0% used [0x00000000f6500000,0x00000000f6500000,0x00000000f7600000)
 ParOldGen       total 108032K, used 10151K [0x00000000c0000000, 0x00000000c6980000, 0x00000000eab00000)
  object space 108032K, 9% used [0x00000000c0000000,0x00000000c09e9fb8,0x00000000c6980000)
 Metaspace       used 34480K, capacity 35384K, committed 35496K, reserved 1079296K
  class space    used 4670K, capacity 5012K, committed 5032K, reserved 1048576K
Event: 3.517 GC heap after
Heap after GC invocations=8 (full 2):
 PSYoungGen      total 205824K, used 0K [0x00000000eab00000, 0x00000000f8a00000, 0x0000000100000000)
  eden space 190464K, 0% used [0x00000000eab00000,0x00000000eab00000,0x00000000f6500000)
  from space 15360K, 0% used [0x00000000f7600000,0x00000000f7600000,0x00000000f8500000)
  to   space 17408K, 0% used [0x00000000f6500000,0x00000000f6500000,0x00000000f7600000)
 ParOldGen       total 185344K, used 22177K [0x00000000c0000000, 0x00000000cb500000, 0x00000000eab00000)
  object space 185344K, 11% used [0x00000000c0000000,0x00000000c15a86a0,0x00000000cb500000)
 Metaspace       used 34446K, capacity 35270K, committed 35496K, reserved 1079296K
  class space    used 4662K, capacity 4978K, committed 5032K, reserved 1048576K
}
Event: 4.776 GC heap before
{Heap before GC invocations=9 (full 2):
 PSYoungGen      total 205824K, used 190464K [0x00000000eab00000, 0x00000000f8a00000, 0x0000000100000000)
  eden space 190464K, 100% used [0x00000000eab00000,0x00000000f6500000,0x00000000f6500000)
  from space 15360K, 0% used [0x00000000f7600000,0x00000000f7600000,0x00000000f8500000)
  to   space 17408K, 0% used [0x00000000f6500000,0x00000000f6500000,0x00000000f7600000)
 ParOldGen       total 185344K, used 22177K [0x00000000c0000000, 0x00000000cb500000, 0x00000000eab00000)
  object space 185344K, 11% used [0x00000000c0000000,0x00000000c15a86a0,0x00000000cb500000)
 Metaspace       used 41351K, capacity 42382K, committed 42536K, reserved 1085440K
  class space    used 5727K, capacity 6154K, committed 6184K, reserved 1048576K
Event: 4.789 GC heap after
Heap after GC invocations=9 (full 2):
 PSYoungGen      total 207872K, used 17391K [0x00000000eab00000, 0x00000000fd300000, 0x0000000100000000)
  eden space 190464K, 0% used [0x00000000eab00000,0x00000000eab00000,0x00000000f6500000)
  from space 17408K, 99% used [0x00000000f6500000,0x00000000f75fbe40,0x00000000f7600000)
  to   space 22528K, 0% used [0x00000000fbd00000,0x00000000fbd00000,0x00000000fd300000)
 ParOldGen       total 185344K, used 27161K [0x00000000c0000000, 0x00000000cb500000, 0x00000000eab00000)
  object space 185344K, 14% used [0x00000000c0000000,0x00000000c1a86588,0x00000000cb500000)
 Metaspace       used 41351K, capacity 42382K, committed 42536K, reserved 1085440K
  class space    used 5727K, capacity 6154K, committed 6184K, reserved 1048576K
}
Event: 6.642 GC heap before
{Heap before GC invocations=10 (full 2):
 PSYoungGen      total 207872K, used 207855K [0x00000000eab00000, 0x00000000fd300000, 0x0000000100000000)
  eden space 190464K, 100% used [0x00000000eab00000,0x00000000f6500000,0x00000000f6500000)
  from space 17408K, 99% used [0x00000000f6500000,0x00000000f75fbe40,0x00000000f7600000)
  to   space 22528K, 0% used [0x00000000fbd00000,0x00000000fbd00000,0x00000000fd300000)
 ParOldGen       total 185344K, used 27161K [0x00000000c0000000, 0x00000000cb500000, 0x00000000eab00000)
  object space 185344K, 14% used [0x00000000c0000000,0x00000000c1a86588,0x00000000cb500000)
 Metaspace       used 51235K, capacity 52796K, committed 52904K, reserved 1093632K
  class space    used 7054K, capacity 7743K, committed 7848K, reserved 1048576K
Event: 6.659 GC heap after
Heap after GC invocations=10 (full 2):
 PSYoungGen      total 274944K, used 22512K [0x00000000eab00000, 0x00000000fdb00000, 0x0000000100000000)
  eden space 252416K, 0% used [0x00000000eab00000,0x00000000eab00000,0x00000000fa180000)
  from space 22528K, 99% used [0x00000000fbd00000,0x00000000fd2fc088,0x00000000fd300000)
  to   space 28160K, 0% used [0x00000000fa180000,0x00000000fa180000,0x00000000fbd00000)
 ParOldGen       total 185344K, used 32846K [0x00000000c0000000, 0x00000000cb500000, 0x00000000eab00000)
  object space 185344K, 17% used [0x00000000c0000000,0x00000000c20138f8,0x00000000cb500000)
 Metaspace       used 51235K, capacity 52796K, committed 52904K, reserved 1093632K
  class space    used 7054K, capacity 7743K, committed 7848K, reserved 1048576K
}

