# JRE version: Java(TM) SE Runtime Environment (8.0_31-b13) (build 1.8.0_31-b13)
# Java VM: Java HotSpot(TM) 64-Bit Server VM (25.31-b07 mixed mode windows-amd64 compressed oops)
Heap:
 PSYoungGen      total 199680K, used 113761K [0x00000000eab00000, 0x00000000fa700000, 0x0000000100000000)
  eden space 171008K, 63% used [0x00000000eab00000,0x00000000f150a1f8,0x00000000f5200000)
  from space 28672K, 18% used [0x00000000f6d80000,0x00000000f728e2b0,0x00000000f8980000)
  to   space 28160K, 0% used [0x00000000f5200000,0x00000000f5200000,0x00000000f6d80000)
 ParOldGen       total 203776K, used 49510K [0x00000000c0000000, 0x00000000cc700000, 0x00000000eab00000)
  object space 203776K, 24% used [0x00000000c0000000,0x00000000c3059a40,0x00000000cc700000)
 Metaspace       used 51327K, capacity 54344K, committed 54488K, reserved 1095680K
  class space    used 7121K, capacity 8116K, committed 8192K, reserved 1048576K
GC Heap History (10 events):
Event: 5.432 GC heap before
{Heap before GC invocations=11 (full 2):
 PSYoungGen      total 156672K, used 14812K [0x00000000eab00000, 0x00000000f7980000, 0x0000000100000000)
  eden space 139776K, 0% used [0x00000000eab00000,0x00000000eab00000,0x00000000f3380000)
  from space 16896K, 87% used [0x00000000f3380000,0x00000000f41f70a0,0x00000000f4400000)
  to   space 18944K, 0% used [0x00000000f6700000,0x00000000f6700000,0x00000000f7980000)
 ParOldGen       total 125952K, used 14400K [0x00000000c0000000, 0x00000000c7b00000, 0x00000000eab00000)
  object space 125952K, 11% used [0x00000000c0000000,0x00000000c0e10128,0x00000000c7b00000)
 Metaspace       used 34293K, capacity 35328K, committed 35416K, reserved 1079296K
  class space    used 4593K, capacity 4954K, committed 4992K, reserved 1048576K
Event: 5.503 GC heap after
Heap after GC invocations=11 (full 2):
 PSYoungGen      total 156672K, used 0K [0x00000000eab00000, 0x00000000f7980000, 0x0000000100000000)
  eden space 139776K, 0% used [0x00000000eab00000,0x00000000eab00000,0x00000000f3380000)
  from space 16896K, 0% used [0x00000000f3380000,0x00000000f3380000,0x00000000f4400000)
  to   space 18944K, 0% used [0x00000000f6700000,0x00000000f6700000,0x00000000f7980000)
 ParOldGen       total 203776K, used 20740K [0x00000000c0000000, 0x00000000cc700000, 0x00000000eab00000)
  object space 203776K, 10% used [0x00000000c0000000,0x00000000c14412c0,0x00000000cc700000)
 Metaspace       used 34222K, capacity 35100K, committed 35416K, reserved 1079296K
  class space    used 4579K, capacity 4886K, committed 4992K, reserved 1048576K
}
Event: 6.566 GC heap before
{Heap before GC invocations=12 (full 2):
 PSYoungGen      total 156672K, used 139776K [0x00000000eab00000, 0x00000000f7980000, 0x0000000100000000)
  eden space 139776K, 100% used [0x00000000eab00000,0x00000000f3380000,0x00000000f3380000)
  from space 16896K, 0% used [0x00000000f3380000,0x00000000f3380000,0x00000000f4400000)
  to   space 18944K, 0% used [0x00000000f6700000,0x00000000f6700000,0x00000000f7980000)
 ParOldGen       total 203776K, used 20740K [0x00000000c0000000, 0x00000000cc700000, 0x00000000eab00000)
  object space 203776K, 10% used [0x00000000c0000000,0x00000000c14412c0,0x00000000cc700000)
 Metaspace       used 39889K, capacity 40906K, committed 41176K, reserved 1085440K
  class space    used 5440K, capacity 5851K, committed 5888K, reserved 1048576K
Event: 6.576 GC heap after
Heap after GC invocations=12 (full 2):
 PSYoungGen      total 189440K, used 17463K [0x00000000eab00000, 0x00000000f7b80000, 0x0000000100000000)
  eden space 170496K, 0% used [0x00000000eab00000,0x00000000eab00000,0x00000000f5180000)
  from space 18944K, 92% used [0x00000000f6700000,0x00000000f780dfc8,0x00000000f7980000)
  to   space 21504K, 0% used [0x00000000f5180000,0x00000000f5180000,0x00000000f6680000)
 ParOldGen       total 203776K, used 20748K [0x00000000c0000000, 0x00000000cc700000, 0x00000000eab00000)
  object space 203776K, 10% used [0x00000000c0000000,0x00000000c14432c0,0x00000000cc700000)
 Metaspace       used 39889K, capacity 40906K, committed 41176K, reserved 1085440K
  class space    used 5440K, capacity 5851K, committed 5888K, reserved 1048576K
}
Event: 10.354 GC heap before
{Heap before GC invocations=13 (full 2):
 PSYoungGen      total 189440K, used 176448K [0x00000000eab00000, 0x00000000f7b80000, 0x0000000100000000)
  eden space 170496K, 93% used [0x00000000eab00000,0x00000000f46422b8,0x00000000f5180000)
  from space 18944K, 92% used [0x00000000f6700000,0x00000000f780dfc8,0x00000000f7980000)
  to   space 21504K, 0% used [0x00000000f5180000,0x00000000f5180000,0x00000000f6680000)
 ParOldGen       total 203776K, used 20748K [0x00000000c0000000, 0x00000000cc700000, 0x00000000eab00000)
  object space 203776K, 10% used [0x00000000c0000000,0x00000000c14432c0,0x00000000cc700000)
 Metaspace       used 48218K, capacity 50008K, committed 50136K, reserved 1091584K
  class space    used 6653K, capacity 7330K, committed 7424K, reserved 1048576K
Event: 10.371 GC heap after
Heap after GC invocations=13 (full 2):
 PSYoungGen      total 192000K, used 21498K [0x00000000eab00000, 0x00000000f8980000, 0x0000000100000000)
  eden space 170496K, 0% used [0x00000000eab00000,0x00000000eab00000,0x00000000f5180000)
  from space 21504K, 99% used [0x00000000f5180000,0x00000000f667eba8,0x00000000f6680000)
  to   space 28672K, 0% used [0x00000000f6d80000,0x00000000f6d80000,0x00000000f8980000)
 ParOldGen       total 203776K, used 30682K [0x00000000c0000000, 0x00000000cc700000, 0x00000000eab00000)
  object space 203776K, 15% used [0x00000000c0000000,0x00000000c1df6a70,0x00000000cc700000)
 Metaspace       used 48218K, capacity 50008K, committed 50136K, reserved 1091584K
  class space    used 6653K, capacity 7330K, committed 7424K, reserved 1048576K
}
Event: 10.371 GC heap before
{Heap before GC invocations=14 (full 3):
 PSYoungGen      total 192000K, used 21498K [0x00000000eab00000, 0x00000000f8980000, 0x0000000100000000)
  eden space 170496K, 0% used [0x00000000eab00000,0x00000000eab00000,0x00000000f5180000)
  from space 21504K, 99% used [0x00000000f5180000,0x00000000f667eba8,0x00000000f6680000)
  to   space 28672K, 0% used [0x00000000f6d80000,0x00000000f6d80000,0x00000000f8980000)
 ParOldGen       total 203776K, used 30682K [0x00000000c0000000, 0x00000000cc700000, 0x00000000eab00000)
  object space 203776K, 15% used [0x00000000c0000000,0x00000000c1df6a70,0x00000000cc700000)
 Metaspace       used 48218K, capacity 50008K, committed 50136K, reserved 1091584K
  class space    used 6653K, capacity 7330K, committed 7424K, reserved 1048576K
Event: 10.651 GC heap after
Heap after GC invocations=14 (full 3):
 PSYoungGen      total 192000K, used 0K [0x00000000eab00000, 0x00000000f8980000, 0x0000000100000000)
  eden space 170496K, 0% used [0x00000000eab00000,0x00000000eab00000,0x00000000f5180000)
  from space 21504K, 0% used [0x00000000f5180000,0x00000000f5180000,0x00000000f6680000)
  to   space 28672K, 0% used [0x00000000f6d80000,0x00000000f6d80000,0x00000000f8980000)
 ParOldGen       total 203776K, used 49502K [0x00000000c0000000, 0x00000000cc700000, 0x00000000eab00000)
  object space 203776K, 24% used [0x00000000c0000000,0x00000000c3057a40,0x00000000cc700000)
 Metaspace       used 48218K, capacity 50008K, committed 50136K, reserved 1091584K
  class space    used 6653K, capacity 7330K, committed 7424K, reserved 1048576K
}
Event: 20.009 GC heap before
{Heap before GC invocations=15 (full 3):
 PSYoungGen      total 192000K, used 170496K [0x00000000eab00000, 0x00000000f8980000, 0x0000000100000000)
  eden space 170496K, 100% used [0x00000000eab00000,0x00000000f5180000,0x00000000f5180000)
  from space 21504K, 0% used [0x00000000f5180000,0x00000000f5180000,0x00000000f6680000)
  to   space 28672K, 0% used [0x00000000f6d80000,0x00000000f6d80000,0x00000000f8980000)
 ParOldGen       total 203776K, used 49502K [0x00000000c0000000, 0x00000000cc700000, 0x00000000eab00000)
  object space 203776K, 24% used [0x00000000c0000000,0x00000000c3057a40,0x00000000cc700000)
 Metaspace       used 50262K, capacity 52730K, committed 52824K, reserved 1093632K
  class space    used 6915K, capacity 7768K, committed 7808K, reserved 1048576K
Event: 20.014 GC heap after
Heap after GC invocations=15 (full 3):
 PSYoungGen      total 199680K, used 5176K [0x00000000eab00000, 0x00000000fa700000, 0x0000000100000000)
  eden space 171008K, 0% used [0x00000000eab00000,0x00000000eab00000,0x00000000f5200000)
  from space 28672K, 18% used [0x00000000f6d80000,0x00000000f728e2b0,0x00000000f8980000)
  to   space 28160K, 0% used [0x00000000f5200000,0x00000000f5200000,0x00000000f6d80000)
 ParOldGen       total 203776K, used 49510K [0x00000000c0000000, 0x00000000cc700000, 0x00000000eab00000)
  object space 203776K, 24% used [0x00000000c0000000,0x00000000c3059a40,0x00000000cc700000)
 Metaspace       used 50262K, capacity 52730K, committed 52824K, reserved 1093632K
  class space    used 6915K, capacity 7768K, committed 7808K, reserved 1048576K
}

