# JRE version: Java(TM) SE Runtime Environment (8.0_31-b13) (build 1.8.0_31-b13)
# Java VM: Java HotSpot(TM) 64-Bit Server VM (25.31-b07 mixed mode windows-amd64 compressed oops)
Heap:
 PSYoungGen      total 320000K, used 250239K [0x00000000eab00000, 0x0000000100000000, 0x0000000100000000)
  eden space 289792K, 81% used [0x00000000eab00000,0x00000000f9208640,0x00000000fc600000)
  from space 30208K, 45% used [0x00000000fe280000,0x00000000fefd76e8,0x0000000100000000)
  to   space 29184K, 0% used [0x00000000fc600000,0x00000000fc600000,0x00000000fe280000)
 ParOldGen       total 141824K, used 52768K [0x00000000c0000000, 0x00000000c8a80000, 0x00000000eab00000)
  object space 141824K, 37% used [0x00000000c0000000,0x00000000c33881e8,0x00000000c8a80000)
 Metaspace       used 59493K, capacity 62646K, committed 62848K, reserved 1103872K
  class space    used 8159K, capacity 9225K, committed 9344K, reserved 1048576K
GC Heap History (10 events):
Event: 4.676 GC heap before
{Heap before GC invocations=9 (full 1):
 PSYoungGen      total 203776K, used 68529K [0x00000000eab00000, 0x00000000ff400000, 0x0000000100000000)
  eden space 189440K, 28% used [0x00000000eab00000,0x00000000edff0c98,0x00000000f6400000)
  from space 14336K, 99% used [0x00000000f6400000,0x00000000f71fbac0,0x00000000f7200000)
  to   space 19456K, 0% used [0x00000000fe100000,0x00000000fe100000,0x00000000ff400000)
 ParOldGen       total 90112K, used 10020K [0x00000000c0000000, 0x00000000c5800000, 0x00000000eab00000)
  object space 90112K, 11% used [0x00000000c0000000,0x00000000c09c9238,0x00000000c5800000)
 Metaspace       used 34436K, capacity 35380K, committed 35456K, reserved 1079296K
  class space    used 4629K, capacity 4954K, committed 4992K, reserved 1048576K
Event: 4.682 GC heap after
Heap after GC invocations=9 (full 1):
 PSYoungGen      total 315392K, used 15319K [0x00000000eab00000, 0x00000000ff700000, 0x0000000100000000)
  eden space 295936K, 0% used [0x00000000eab00000,0x00000000eab00000,0x00000000fcc00000)
  from space 19456K, 78% used [0x00000000fe100000,0x00000000feff5d58,0x00000000ff400000)
  to   space 21504K, 0% used [0x00000000fcc00000,0x00000000fcc00000,0x00000000fe100000)
 ParOldGen       total 90112K, used 10868K [0x00000000c0000000, 0x00000000c5800000, 0x00000000eab00000)
  object space 90112K, 12% used [0x00000000c0000000,0x00000000c0a9d388,0x00000000c5800000)
 Metaspace       used 34436K, capacity 35380K, committed 35456K, reserved 1079296K
  class space    used 4629K, capacity 4954K, committed 4992K, reserved 1048576K
}
Event: 4.683 GC heap before
{Heap before GC invocations=10 (full 2):
 PSYoungGen      total 315392K, used 15319K [0x00000000eab00000, 0x00000000ff700000, 0x0000000100000000)
  eden space 295936K, 0% used [0x00000000eab00000,0x00000000eab00000,0x00000000fcc00000)
  from space 19456K, 78% used [0x00000000fe100000,0x00000000feff5d58,0x00000000ff400000)
  to   space 21504K, 0% used [0x00000000fcc00000,0x00000000fcc00000,0x00000000fe100000)
 ParOldGen       total 90112K, used 10868K [0x00000000c0000000, 0x00000000c5800000, 0x00000000eab00000)
  object space 90112K, 12% used [0x00000000c0000000,0x00000000c0a9d388,0x00000000c5800000)
 Metaspace       used 34436K, capacity 35380K, committed 35456K, reserved 1079296K
  class space    used 4629K, capacity 4954K, committed 4992K, reserved 1048576K
Event: 4.730 GC heap after
Heap after GC invocations=10 (full 2):
 PSYoungGen      total 315392K, used 0K [0x00000000eab00000, 0x00000000ff700000, 0x0000000100000000)
  eden space 295936K, 0% used [0x00000000eab00000,0x00000000eab00000,0x00000000fcc00000)
  from space 19456K, 0% used [0x00000000fe100000,0x00000000fe100000,0x00000000ff400000)
  to   space 21504K, 0% used [0x00000000fcc00000,0x00000000fcc00000,0x00000000fe100000)
 ParOldGen       total 141824K, used 22437K [0x00000000c0000000, 0x00000000c8a80000, 0x00000000eab00000)
  object space 141824K, 15% used [0x00000000c0000000,0x00000000c15e9630,0x00000000c8a80000)
 Metaspace       used 34398K, capacity 35266K, committed 35456K, reserved 1079296K
  class space    used 4623K, capacity 4920K, committed 4992K, reserved 1048576K
}
Event: 9.486 GC heap before
{Heap before GC invocations=11 (full 2):
 PSYoungGen      total 315392K, used 295936K [0x00000000eab00000, 0x00000000ff700000, 0x0000000100000000)
  eden space 295936K, 100% used [0x00000000eab00000,0x00000000fcc00000,0x00000000fcc00000)
  from space 19456K, 0% used [0x00000000fe100000,0x00000000fe100000,0x00000000ff400000)
  to   space 21504K, 0% used [0x00000000fcc00000,0x00000000fcc00000,0x00000000fe100000)
 ParOldGen       total 141824K, used 22437K [0x00000000c0000000, 0x00000000c8a80000, 0x00000000eab00000)
  object space 141824K, 15% used [0x00000000c0000000,0x00000000c15e9630,0x00000000c8a80000)
 Metaspace       used 48203K, capacity 49988K, committed 50176K, reserved 1091584K
  class space    used 6652K, capacity 7322K, committed 7424K, reserved 1048576K
Event: 9.506 GC heap after
Heap after GC invocations=11 (full 2):
 PSYoungGen      total 317440K, used 21498K [0x00000000eab00000, 0x0000000100000000, 0x0000000100000000)
  eden space 295936K, 0% used [0x00000000eab00000,0x00000000eab00000,0x00000000fcc00000)
  from space 21504K, 99% used [0x00000000fcc00000,0x00000000fe0feb88,0x00000000fe100000)
  to   space 30208K, 0% used [0x00000000fe280000,0x00000000fe280000,0x0000000100000000)
 ParOldGen       total 141824K, used 34819K [0x00000000c0000000, 0x00000000c8a80000, 0x00000000eab00000)
  object space 141824K, 24% used [0x00000000c0000000,0x00000000c2200d50,0x00000000c8a80000)
 Metaspace       used 48203K, capacity 49988K, committed 50176K, reserved 1091584K
  class space    used 6652K, capacity 7322K, committed 7424K, reserved 1048576K
}
Event: 9.506 GC heap before
{Heap before GC invocations=12 (full 3):
 PSYoungGen      total 317440K, used 21498K [0x00000000eab00000, 0x0000000100000000, 0x0000000100000000)
  eden space 295936K, 0% used [0x00000000eab00000,0x00000000eab00000,0x00000000fcc00000)
  from space 21504K, 99% used [0x00000000fcc00000,0x00000000fe0feb88,0x00000000fe100000)
  to   space 30208K, 0% used [0x00000000fe280000,0x00000000fe280000,0x0000000100000000)
 ParOldGen       total 141824K, used 34819K [0x00000000c0000000, 0x00000000c8a80000, 0x00000000eab00000)
  object space 141824K, 24% used [0x00000000c0000000,0x00000000c2200d50,0x00000000c8a80000)
 Metaspace       used 48203K, capacity 49988K, committed 50176K, reserved 1091584K
  class space    used 6652K, capacity 7322K, committed 7424K, reserved 1048576K
Event: 9.783 GC heap after
Heap after GC invocations=12 (full 3):
 PSYoungGen      total 317440K, used 0K [0x00000000eab00000, 0x0000000100000000, 0x0000000100000000)
  eden space 295936K, 0% used [0x00000000eab00000,0x00000000eab00000,0x00000000fcc00000)
  from space 21504K, 0% used [0x00000000fcc00000,0x00000000fcc00000,0x00000000fe100000)
  to   space 30208K, 0% used [0x00000000fe280000,0x00000000fe280000,0x0000000100000000)
 ParOldGen       total 141824K, used 52760K [0x00000000c0000000, 0x00000000c8a80000, 0x00000000eab00000)
  object space 141824K, 37% used [0x00000000c0000000,0x00000000c33861e8,0x00000000c8a80000)
 Metaspace       used 48203K, capacity 49988K, committed 50176K, reserved 1091584K
  class space    used 6652K, capacity 7322K, committed 7424K, reserved 1048576K
}
Event: 14.627 GC heap before
{Heap before GC invocations=13 (full 3):
 PSYoungGen      total 317440K, used 295936K [0x00000000eab00000, 0x0000000100000000, 0x0000000100000000)
  eden space 295936K, 100% used [0x00000000eab00000,0x00000000fcc00000,0x00000000fcc00000)
  from space 21504K, 0% used [0x00000000fcc00000,0x00000000fcc00000,0x00000000fe100000)
  to   space 30208K, 0% used [0x00000000fe280000,0x00000000fe280000,0x0000000100000000)
 ParOldGen       total 141824K, used 52760K [0x00000000c0000000, 0x00000000c8a80000, 0x00000000eab00000)
  object space 141824K, 37% used [0x00000000c0000000,0x00000000c33861e8,0x00000000c8a80000)
 Metaspace       used 56130K, capacity 58484K, committed 58624K, reserved 1099776K
  class space    used 7767K, capacity 8656K, committed 8704K, reserved 1048576K
Event: 14.634 GC heap after
Heap after GC invocations=13 (full 3):
 PSYoungGen      total 320000K, used 13661K [0x00000000eab00000, 0x0000000100000000, 0x0000000100000000)
  eden space 289792K, 0% used [0x00000000eab00000,0x00000000eab00000,0x00000000fc600000)
  from space 30208K, 45% used [0x00000000fe280000,0x00000000fefd76e8,0x0000000100000000)
  to   space 29184K, 0% used [0x00000000fc600000,0x00000000fc600000,0x00000000fe280000)
 ParOldGen       total 141824K, used 52768K [0x00000000c0000000, 0x00000000c8a80000, 0x00000000eab00000)
  object space 141824K, 37% used [0x00000000c0000000,0x00000000c33881e8,0x00000000c8a80000)
 Metaspace       used 56130K, capacity 58484K, committed 58624K, reserved 1099776K
  class space    used 7767K, capacity 8656K, committed 8704K, reserved 1048576K
}

